Added Component: Designator=J?(HDR_F_1X2)
Add component (AddParameter): Name = "ASSEMBLY"; Value = ""; VariantName = "[No Variations]"
Add component (AddParameter): Name = "DESC"; Value = ""; VariantName = "[No Variations]"
Add component (AddParameter): Name = "MANF"; Value = ""; VariantName = "[No Variations]"
Add component (AddParameter): Name = "MANF_P#"; Value = ""; VariantName = "[No Variations]"
Add component (AddParameter): Name = "PARAM"; Value = ""; VariantName = "[No Variations]"
Add component (AddParameter): Name = "PRICE"; Value = ""; VariantName = "[No Variations]"
Add component (AddParameter): Name = "VALUE"; Value = "HDRF2"; VariantName = "[No Variations]"
Added Component: Designator=MIC_L(HDR_F_1X5)
Add component (AddParameter): Name = "ASSEMBLY"; Value = ""; VariantName = "[No Variations]"
Add component (AddParameter): Name = "DESC"; Value = ""; VariantName = "[No Variations]"
Add component (AddParameter): Name = "MANF"; Value = ""; VariantName = "[No Variations]"
Add component (AddParameter): Name = "MANF_P#"; Value = ""; VariantName = "[No Variations]"
Add component (AddParameter): Name = "PARAM"; Value = ""; VariantName = "[No Variations]"
Add component (AddParameter): Name = "PRICE"; Value = ""; VariantName = "[No Variations]"
Add component (AddParameter): Name = "VALUE"; Value = "HDRF5"; VariantName = "[No Variations]"
Added Component: Designator=MIC_R(HDR_F_1X5)
Add component (AddParameter): Name = "ASSEMBLY"; Value = ""; VariantName = "[No Variations]"
Add component (AddParameter): Name = "DESC"; Value = ""; VariantName = "[No Variations]"
Add component (AddParameter): Name = "MANF"; Value = ""; VariantName = "[No Variations]"
Add component (AddParameter): Name = "MANF_P#"; Value = ""; VariantName = "[No Variations]"
Add component (AddParameter): Name = "PARAM"; Value = ""; VariantName = "[No Variations]"
Add component (AddParameter): Name = "PRICE"; Value = ""; VariantName = "[No Variations]"
Add component (AddParameter): Name = "VALUE"; Value = "HDRF5"; VariantName = "[No Variations]"
Added Component: Designator=MIC(HDR_F_1X5)
Add component (AddParameter): Name = "ASSEMBLY"; Value = ""; VariantName = "[No Variations]"
Add component (AddParameter): Name = "DESC"; Value = ""; VariantName = "[No Variations]"
Add component (AddParameter): Name = "MANF"; Value = ""; VariantName = "[No Variations]"
Add component (AddParameter): Name = "MANF_P#"; Value = ""; VariantName = "[No Variations]"
Add component (AddParameter): Name = "PARAM"; Value = ""; VariantName = "[No Variations]"
Add component (AddParameter): Name = "PRICE"; Value = ""; VariantName = "[No Variations]"
Add component (AddParameter): Name = "VALUE"; Value = "HDRF5"; VariantName = "[No Variations]"
Added Component: Designator=OLED(HDR_F_1X4)
Add component (AddParameter): Name = "ASSEMBLY"; Value = ""; VariantName = "[No Variations]"
Add component (AddParameter): Name = "DESC"; Value = ""; VariantName = "[No Variations]"
Add component (AddParameter): Name = "MANF"; Value = ""; VariantName = "[No Variations]"
Add component (AddParameter): Name = "MANF_P#"; Value = ""; VariantName = "[No Variations]"
Add component (AddParameter): Name = "PARAM"; Value = ""; VariantName = "[No Variations]"
Add component (AddParameter): Name = "PRICE"; Value = ""; VariantName = "[No Variations]"
Add component (AddParameter): Name = "VALUE"; Value = "HDRF4"; VariantName = "[No Variations]"
Added Component: Designator=SDCARD(HDR_F_1X6)
Add component (AddParameter): Name = "ASSEMBLY"; Value = ""; VariantName = "[No Variations]"
Add component (AddParameter): Name = "DESC"; Value = ""; VariantName = "[No Variations]"
Add component (AddParameter): Name = "MANF"; Value = ""; VariantName = "[No Variations]"
Add component (AddParameter): Name = "MANF_P#"; Value = ""; VariantName = "[No Variations]"
Add component (AddParameter): Name = "PARAM"; Value = ""; VariantName = "[No Variations]"
Add component (AddParameter): Name = "PRICE"; Value = ""; VariantName = "[No Variations]"
Add component (AddParameter): Name = "VALUE"; Value = "HDRF6"; VariantName = "[No Variations]"
Added Pin To Net: NetName=3v3 Pin=MIC-4
Added Pin To Net: NetName=3v3 Pin=MIC_L-4
Added Pin To Net: NetName=3v3 Pin=MIC_R-4
Added Pin To Net: NetName=3v3 Pin=OLED-2
Added Net: Name=3v3
Added Pin To Net: NetName=5v Pin=SDCARD-5
Added Net: Name=5v
Added Pin To Net: NetName=CS Pin=SDCARD-1
Added Net: Name=CS
Added Pin To Net: NetName=GND Pin=J?-2
Added Pin To Net: NetName=GND Pin=MIC-5
Added Pin To Net: NetName=GND Pin=MIC_L-5
Added Pin To Net: NetName=GND Pin=MIC_R-5
Added Pin To Net: NetName=GND Pin=OLED-1
Added Pin To Net: NetName=GND Pin=SDCARD-6
Added Net: Name=GND
Added Pin To Net: NetName=MISO Pin=SDCARD-4
Added Net: Name=MISO
Added Pin To Net: NetName=MOSI Pin=SDCARD-3
Added Net: Name=MOSI
Added Pin To Net: NetName=OUT_L Pin=MIC_L-2
Added Net: Name=OUT_L
Added Pin To Net: NetName=OUT_R Pin=MIC_R-2
Added Net: Name=OUT_R
Added Pin To Net: NetName=OUT Pin=MIC-2
Added Net: Name=OUT
Added Pin To Net: NetName=SCK Pin=SDCARD-2
Added Net: Name=SCK
Added Pin To Net: NetName=SCL Pin=OLED-3
Added Net: Name=SCL
Added Pin To Net: NetName=SDA Pin=OLED-4
Added Net: Name=SDA
Added Pin To Net: NetName=Vin Pin=J?-1
Added Net: Name=Vin
Added Class: Name=Sheet1
