Removed Pin From Net: NetName=RightSpeaker Pin=J2-1
Removed Pin From Net: NetName=LeftSpeaker Pin=J2-2
Removed Pin From Net: NetName=GND Pin=J2-3
Removed Member From Class: ClassName=Sheet1 Member=J2
Added Component: Designator=D1(LED5MM_RED)
Add component (AddParameter): Name = "Data"; Value = "16-12-2016"; VariantName = "[No Variations]"
Add component (AddParameter): Name = "Designer"; Value = "Abbas Basereh"; VariantName = "[No Variations]"
Add component (AddParameter): Name = "Link"; Value = ""; VariantName = "[No Variations]"
Add component (AddParameter): Name = "Part.No"; Value = ""; VariantName = "[No Variations]"
Added Component: Designator=D2(LED5MM_GRN)
Add component (AddParameter): Name = "Data"; Value = "16-12-2016"; VariantName = "[No Variations]"
Add component (AddParameter): Name = "Designer"; Value = "Abbas Basereh"; VariantName = "[No Variations]"
Add component (AddParameter): Name = "Link"; Value = ""; VariantName = "[No Variations]"
Add component (AddParameter): Name = "Part.No"; Value = ""; VariantName = "[No Variations]"
Added Component: Designator=pam8403(HDR_F_1X7)
Add component (AddParameter): Name = "ASSEMBLY"; Value = ""; VariantName = "[No Variations]"
Add component (AddParameter): Name = "DESC"; Value = ""; VariantName = "[No Variations]"
Add component (AddParameter): Name = "MANF"; Value = ""; VariantName = "[No Variations]"
Add component (AddParameter): Name = "MANF_P#"; Value = ""; VariantName = "[No Variations]"
Add component (AddParameter): Name = "PARAM"; Value = ""; VariantName = "[No Variations]"
Add component (AddParameter): Name = "PRICE"; Value = ""; VariantName = "[No Variations]"
Add component (AddParameter): Name = "VALUE"; Value = "HDRF7"; VariantName = "[No Variations]"
Added Component: Designator=R1(Axial 0_5W 5_0mm)
Add component (AddParameter): Name = "Data"; Value = "4-1-2017"; VariantName = "[No Variations]"
Add component (AddParameter): Name = "Desc."; Value = "RES Axial 0.5W"; VariantName = "[No Variations]"
Add component (AddParameter): Name = "Designer"; Value = "Abbas Basereh"; VariantName = "[No Variations]"
Added Component: Designator=R2(Axial 0_5W 5_0mm)
Add component (AddParameter): Name = "Data"; Value = "4-1-2017"; VariantName = "[No Variations]"
Add component (AddParameter): Name = "Desc."; Value = "RES Axial 0.5W"; VariantName = "[No Variations]"
Add component (AddParameter): Name = "Designer"; Value = "Abbas Basereh"; VariantName = "[No Variations]"
Added Pin To Net: NetName=RightSpeaker Pin=pam8403-1
Added Pin To Net: NetName=GND Pin=pam8403-2
Added Pin To Net: NetName=LeftSpeaker Pin=pam8403-3
Added Pin To Net: NetName=5v Pin=pam8403-6
Added Pin To Net: NetName=GND Pin=pam8403-7
Added Pin To Net: NetName=GND Pin=R1-2
Added Pin To Net: NetName=GND Pin=R2-2
Added Pin To Net: NetName=NetD1_1 Pin=D1-1
Added Pin To Net: NetName=NetD1_1 Pin=U1-5
Added Net: Name=NetD1_1
Added Pin To Net: NetName=NetD1_2 Pin=D1-2
Added Pin To Net: NetName=NetD1_2 Pin=R1-1
Added Net: Name=NetD1_2
Added Pin To Net: NetName=NetD2_1 Pin=D2-1
Added Pin To Net: NetName=NetD2_1 Pin=U1-4
Added Net: Name=NetD2_1
Added Pin To Net: NetName=NetD2_2 Pin=D2-2
Added Pin To Net: NetName=NetD2_2 Pin=R2-1
Added Net: Name=NetD2_2
Added Member To Class: ClassName=Sheet1 Member=Component D1 LED5MM_RED
Added Member To Class: ClassName=Sheet1 Member=Component D2 LED5MM_GREEN
Added Member To Class: ClassName=Sheet1 Member=Component pam8403 HDRF7
Added Member To Class: ClassName=Sheet1 Member=Component R1 1K
Added Member To Class: ClassName=Sheet1 Member=Component R2 1K
