Change Component Comment : Designator=C4 Old Comment=10uF New Comment=100uF
Change component parameters: Designator = "C1" ("C1"); Footprint = "Cap electrolitic radial 10x20-5"; UniqueID = "\RJEVVWGN" ("\RJEVVWGN")
Change component parameters (AddParameter): Name = "ASSEMBLY"; Value = "ASSEMBLY"; VariantName = "[No Variations]"
Change component parameters (AddParameter): Name = "DESC"; Value = "DESCRIPTION"; VariantName = "[No Variations]"
Change component parameters (AddParameter): Name = "DIST#"; Value = "MOUSER"; VariantName = "[No Variations]"
Change component parameters (AddParameter): Name = "MANF"; Value = "MANF"; VariantName = "[No Variations]"
Change component parameters (AddParameter): Name = "MANF_P#"; Value = "MANF_PART#"; VariantName = "[No Variations]"
Change component parameters (AddParameter): Name = "PARAM"; Value = "20%"; VariantName = "[No Variations]"
Change component parameters (AddParameter): Name = "PARAM2"; Value = "25V"; VariantName = "[No Variations]"
Change component parameters (AddParameter): Name = "PRICE"; Value = "10= 5$"; VariantName = "[No Variations]"
Change component parameters (AddParameter): Name = "VALUE"; Value = "100uF"; VariantName = "[No Variations]"
Change component parameters: Designator = "C2" ("C2"); Footprint = "Cap electrolitic radial 10x20-5"; UniqueID = "\AILDPWYG" ("\AILDPWYG")
Change component parameters (AddParameter): Name = "ASSEMBLY"; Value = "ASSEMBLY"; VariantName = "[No Variations]"
Change component parameters (AddParameter): Name = "DESC"; Value = "DESCRIPTION"; VariantName = "[No Variations]"
Change component parameters (AddParameter): Name = "DIST#"; Value = "MOUSER"; VariantName = "[No Variations]"
Change component parameters (AddParameter): Name = "MANF"; Value = "MANF"; VariantName = "[No Variations]"
Change component parameters (AddParameter): Name = "MANF_P#"; Value = "MANF_PART#"; VariantName = "[No Variations]"
Change component parameters (AddParameter): Name = "PARAM"; Value = "20%"; VariantName = "[No Variations]"
Change component parameters (AddParameter): Name = "PARAM2"; Value = "25V"; VariantName = "[No Variations]"
Change component parameters (AddParameter): Name = "PRICE"; Value = "10= 5$"; VariantName = "[No Variations]"
Change component parameters (AddParameter): Name = "VALUE"; Value = "10uF"; VariantName = "[No Variations]"
Change component parameters: Designator = "C3" ("C3"); Footprint = "Cap electrolitic radial 10x20-5"; UniqueID = "\DQGYPQNX" ("\DQGYPQNX")
Change component parameters (AddParameter): Name = "ASSEMBLY"; Value = "ASSEMBLY"; VariantName = "[No Variations]"
Change component parameters (AddParameter): Name = "DESC"; Value = "DESCRIPTION"; VariantName = "[No Variations]"
Change component parameters (AddParameter): Name = "DIST#"; Value = "MOUSER"; VariantName = "[No Variations]"
Change component parameters (AddParameter): Name = "MANF"; Value = "MANF"; VariantName = "[No Variations]"
Change component parameters (AddParameter): Name = "MANF_P#"; Value = "MANF_PART#"; VariantName = "[No Variations]"
Change component parameters (AddParameter): Name = "PARAM"; Value = "20%"; VariantName = "[No Variations]"
Change component parameters (AddParameter): Name = "PARAM2"; Value = "25V"; VariantName = "[No Variations]"
Change component parameters (AddParameter): Name = "PRICE"; Value = "10= 5$"; VariantName = "[No Variations]"
Change component parameters (AddParameter): Name = "VALUE"; Value = "100uF"; VariantName = "[No Variations]"
Change component parameters: Designator = "C4" ("C4"); Footprint = "Cap electrolitic radial 10x20-5"; UniqueID = "\FCHNMXLT" ("\FCHNMXLT")
Change component parameters (AddParameter): Name = "ASSEMBLY"; Value = "ASSEMBLY"; VariantName = "[No Variations]"
Change component parameters (AddParameter): Name = "DESC"; Value = "DESCRIPTION"; VariantName = "[No Variations]"
Change component parameters (AddParameter): Name = "DIST#"; Value = "MOUSER"; VariantName = "[No Variations]"
Change component parameters (AddParameter): Name = "MANF"; Value = "MANF"; VariantName = "[No Variations]"
Change component parameters (AddParameter): Name = "MANF_P#"; Value = "MANF_PART#"; VariantName = "[No Variations]"
Change component parameters (AddParameter): Name = "PARAM"; Value = "20%"; VariantName = "[No Variations]"
Change component parameters (AddParameter): Name = "PARAM2"; Value = "25V"; VariantName = "[No Variations]"
Change component parameters (AddParameter): Name = "PRICE"; Value = "10= 5$"; VariantName = "[No Variations]"
Change component parameters (AddParameter): Name = "VALUE"; Value = "100uF"; VariantName = "[No Variations]"
Change component parameters: Designator = "C7" ("C7"); Footprint = "Cap electrolitic radial 10x20-5"; UniqueID = "\NSLLHVWW" ("\NSLLHVWW")
Change component parameters (AddParameter): Name = "ASSEMBLY"; Value = "ASSEMBLY"; VariantName = "[No Variations]"
Change component parameters (AddParameter): Name = "DESC"; Value = "DESCRIPTION"; VariantName = "[No Variations]"
Change component parameters (AddParameter): Name = "DIST#"; Value = "MOUSER"; VariantName = "[No Variations]"
Change component parameters (AddParameter): Name = "MANF"; Value = "MANF"; VariantName = "[No Variations]"
Change component parameters (AddParameter): Name = "MANF_P#"; Value = "MANF_PART#"; VariantName = "[No Variations]"
Change component parameters (AddParameter): Name = "PARAM"; Value = "20%"; VariantName = "[No Variations]"
Change component parameters (AddParameter): Name = "PARAM2"; Value = "25V"; VariantName = "[No Variations]"
Change component parameters (AddParameter): Name = "PRICE"; Value = "10= 5$"; VariantName = "[No Variations]"
Change component parameters (AddParameter): Name = "VALUE"; Value = "1uF"; VariantName = "[No Variations]"
